[0.014s] Invoking command in '/home/kittibot/teelek_rb/teelek_ws/build/teelek': CMAKE_PREFIX_PATH=${CMAKE_PREFIX_PATH}:/opt/ros/jazzy /usr/bin/cmake /home/kittibot/teelek_rb/teelek_ws/src/teelek -DCMAKE_INSTALL_PREFIX=/home/kittibot/teelek_rb/teelek_ws/install/teelek
[0.446s] -- The C compiler identification is GNU 13.3.0
[0.811s] -- The CXX compiler identification is GNU 13.3.0
[0.849s] -- Detecting C compiler ABI info
[1.042s] -- Detecting C compiler ABI info - done
[1.058s] -- Check for working C compiler: /usr/bin/cc - skipped
[1.058s] -- Detecting C compile features
[1.059s] -- Detecting C compile features - done
[1.076s] -- Detecting CXX compiler ABI info
[1.259s] -- Detecting CXX compiler ABI info - done
[1.276s] -- Check for working CXX compiler: /usr/bin/c++ - skipped
[1.277s] -- Detecting CXX compile features
[1.277s] -- Detecting CXX compile features - done
[1.288s] -- Found ament_cmake: 2.5.4 (/opt/ros/jazzy/share/ament_cmake/cmake)
[1.538s] -- Found Python3: /usr/bin/python3 (found version "3.12.3") found components: Interpreter 
[1.749s] -- Found rclpy: 7.1.5 (/opt/ros/jazzy/share/rclpy/cmake)
[1.755s] -- Found rclcpp: 28.1.11 (/opt/ros/jazzy/share/rclcpp/cmake)
[1.847s] -- Found rosidl_generator_c: 4.6.6 (/opt/ros/jazzy/share/rosidl_generator_c/cmake)
[1.876s] -- Found rosidl_generator_cpp: 4.6.6 (/opt/ros/jazzy/share/rosidl_generator_cpp/cmake)
[1.922s] -- Using all available rosidl_typesupport_c: rosidl_typesupport_fastrtps_c;rosidl_typesupport_introspection_c
[1.963s] -- Using all available rosidl_typesupport_cpp: rosidl_typesupport_fastrtps_cpp;rosidl_typesupport_introspection_cpp
[2.133s] -- Found rmw_implementation_cmake: 7.3.2 (/opt/ros/jazzy/share/rmw_implementation_cmake/cmake)
[2.141s] -- Found rmw_fastrtps_cpp: 8.4.3 (/opt/ros/jazzy/share/rmw_fastrtps_cpp/cmake)
[2.316s] -- Found OpenSSL: /usr/lib/aarch64-linux-gnu/libcrypto.so (found version "3.0.13")  
[2.346s] -- Found FastRTPS: /opt/ros/jazzy/include (Required is at least version "2.13") 
[2.381s] -- Using RMW implementation 'rmw_fastrtps_cpp' as default
[2.537s] -- Found std_msgs: 5.3.6 (/opt/ros/jazzy/share/std_msgs/cmake)
[2.568s] -- Found sensor_msgs: 5.3.6 (/opt/ros/jazzy/share/sensor_msgs/cmake)
[2.647s] -- Found rclcpp_action: 28.1.11 (/opt/ros/jazzy/share/rclcpp_action/cmake)
[2.742s] -- Found ament_lint_auto: 0.17.3 (/opt/ros/jazzy/share/ament_lint_auto/cmake)
[2.901s] -- Configuring done (2.9s)
[2.911s] -- Generating done (0.0s)
[2.916s] -- Build files have been written to: /home/kittibot/teelek_rb/teelek_ws/build/teelek
[2.943s] Invoked command in '/home/kittibot/teelek_rb/teelek_ws/build/teelek' returned '0': CMAKE_PREFIX_PATH=${CMAKE_PREFIX_PATH}:/opt/ros/jazzy /usr/bin/cmake /home/kittibot/teelek_rb/teelek_ws/src/teelek -DCMAKE_INSTALL_PREFIX=/home/kittibot/teelek_rb/teelek_ws/install/teelek
[2.946s] Invoking command in '/home/kittibot/teelek_rb/teelek_ws/build/teelek': CMAKE_PREFIX_PATH=${CMAKE_PREFIX_PATH}:/opt/ros/jazzy /usr/bin/cmake --build /home/kittibot/teelek_rb/teelek_ws/build/teelek -- -j4 -l4
[3.023s] Invoked command in '/home/kittibot/teelek_rb/teelek_ws/build/teelek' returned '0': CMAKE_PREFIX_PATH=${CMAKE_PREFIX_PATH}:/opt/ros/jazzy /usr/bin/cmake --build /home/kittibot/teelek_rb/teelek_ws/build/teelek -- -j4 -l4
[3.042s] Invoking command in '/home/kittibot/teelek_rb/teelek_ws/build/teelek': CMAKE_PREFIX_PATH=${CMAKE_PREFIX_PATH}:/opt/ros/jazzy /usr/bin/cmake --install /home/kittibot/teelek_rb/teelek_ws/build/teelek
[3.056s] -- Install configuration: ""
[3.056s] -- Installing: /home/kittibot/teelek_rb/teelek_ws/install/teelek/share/teelek/launch
[3.056s] -- Installing: /home/kittibot/teelek_rb/teelek_ws/install/teelek/share/teelek/launch/control_launch.py
[3.056s] -- Installing: /home/kittibot/teelek_rb/teelek_ws/install/teelek/share/teelek/launch/teleop_launch.py
[3.056s] -- Installing: /home/kittibot/teelek_rb/teelek_ws/install/teelek/share/teelek/src
[3.057s] -- Installing: /home/kittibot/teelek_rb/teelek_ws/install/teelek/share/teelek/test_file
[3.057s] -- Installing: /home/kittibot/teelek_rb/teelek_ws/install/teelek/share/teelek/test_file/test_control.py
[3.057s] -- Installing: /home/kittibot/teelek_rb/teelek_ws/install/teelek/share/teelek/test_file/test_xbox.py
[3.057s] -- Installing: /home/kittibot/teelek_rb/teelek_ws/install/teelek/share/teelek/test_file/control_rb.py
[3.057s] -- Installing: /home/kittibot/teelek_rb/teelek_ws/install/teelek/share/teelek/test_file/xbox_control.py
[3.057s] -- Installing: /home/kittibot/teelek_rb/teelek_ws/install/teelek/share/teelek/config
[3.057s] -- Installing: /home/kittibot/teelek_rb/teelek_ws/install/teelek/share/teelek/config/joy_params.yaml
[3.058s] -- Installing: /home/kittibot/teelek_rb/teelek_ws/install/teelek/lib/teelek/test_xbox.py
[3.058s] -- Installing: /home/kittibot/teelek_rb/teelek_ws/install/teelek/share/ament_index/resource_index/package_run_dependencies/teelek
[3.058s] -- Installing: /home/kittibot/teelek_rb/teelek_ws/install/teelek/share/ament_index/resource_index/parent_prefix_path/teelek
[3.058s] -- Installing: /home/kittibot/teelek_rb/teelek_ws/install/teelek/share/teelek/environment/ament_prefix_path.sh
[3.059s] -- Installing: /home/kittibot/teelek_rb/teelek_ws/install/teelek/share/teelek/environment/ament_prefix_path.dsv
[3.059s] -- Installing: /home/kittibot/teelek_rb/teelek_ws/install/teelek/share/teelek/environment/path.sh
[3.059s] -- Installing: /home/kittibot/teelek_rb/teelek_ws/install/teelek/share/teelek/environment/path.dsv
[3.059s] -- Installing: /home/kittibot/teelek_rb/teelek_ws/install/teelek/share/teelek/local_setup.bash
[3.059s] -- Installing: /home/kittibot/teelek_rb/teelek_ws/install/teelek/share/teelek/local_setup.sh
[3.059s] -- Installing: /home/kittibot/teelek_rb/teelek_ws/install/teelek/share/teelek/local_setup.zsh
[3.060s] -- Installing: /home/kittibot/teelek_rb/teelek_ws/install/teelek/share/teelek/local_setup.dsv
[3.060s] -- Installing: /home/kittibot/teelek_rb/teelek_ws/install/teelek/share/teelek/package.dsv
[3.060s] -- Installing: /home/kittibot/teelek_rb/teelek_ws/install/teelek/share/ament_index/resource_index/packages/teelek
[3.060s] -- Installing: /home/kittibot/teelek_rb/teelek_ws/install/teelek/share/teelek/cmake/teelekConfig.cmake
[3.060s] -- Installing: /home/kittibot/teelek_rb/teelek_ws/install/teelek/share/teelek/cmake/teelekConfig-version.cmake
[3.060s] -- Installing: /home/kittibot/teelek_rb/teelek_ws/install/teelek/share/teelek/package.xml
[3.064s] Invoked command in '/home/kittibot/teelek_rb/teelek_ws/build/teelek' returned '0': CMAKE_PREFIX_PATH=${CMAKE_PREFIX_PATH}:/opt/ros/jazzy /usr/bin/cmake --install /home/kittibot/teelek_rb/teelek_ws/build/teelek
