-- Install configuration: ""
-- Up-to-date: /home/kittibot/teelek_rb/teelek_ws/install/teelek/share/teelek/launch
-- Installing: /home/kittibot/teelek_rb/teelek_ws/install/teelek/share/teelek/launch/control_launch.py
-- Up-to-date: /home/kittibot/teelek_rb/teelek_ws/install/teelek/share/teelek/launch/teleop_launch.py
-- Up-to-date: /home/kittibot/teelek_rb/teelek_ws/install/teelek/share/teelek/src
-- Up-to-date: /home/kittibot/teelek_rb/teelek_ws/install/teelek/share/teelek/test_file
-- Up-to-date: /home/kittibot/teelek_rb/teelek_ws/install/teelek/share/teelek/test_file/test_control.py
-- Up-to-date: /home/kittibot/teelek_rb/teelek_ws/install/teelek/share/teelek/test_file/test_xbox.py
-- Up-to-date: /home/kittibot/teelek_rb/teelek_ws/install/teelek/share/teelek/test_file/control_rb.py
-- Up-to-date: /home/kittibot/teelek_rb/teelek_ws/install/teelek/share/teelek/test_file/xbox_control.py
-- Up-to-date: /home/kittibot/teelek_rb/teelek_ws/install/teelek/share/teelek/config
-- Up-to-date: /home/kittibot/teelek_rb/teelek_ws/install/teelek/share/teelek/config/joy_params.yaml
-- Up-to-date: /home/kittibot/teelek_rb/teelek_ws/install/teelek/lib/teelek/test_xbox.py
-- Up-to-date: /home/kittibot/teelek_rb/teelek_ws/install/teelek/share/ament_index/resource_index/package_run_dependencies/teelek
-- Up-to-date: /home/kittibot/teelek_rb/teelek_ws/install/teelek/share/ament_index/resource_index/parent_prefix_path/teelek
-- Up-to-date: /home/kittibot/teelek_rb/teelek_ws/install/teelek/share/teelek/environment/ament_prefix_path.sh
-- Up-to-date: /home/kittibot/teelek_rb/teelek_ws/install/teelek/share/teelek/environment/ament_prefix_path.dsv
-- Up-to-date: /home/kittibot/teelek_rb/teelek_ws/install/teelek/share/teelek/environment/path.sh
-- Up-to-date: /home/kittibot/teelek_rb/teelek_ws/install/teelek/share/teelek/environment/path.dsv
-- Up-to-date: /home/kittibot/teelek_rb/teelek_ws/install/teelek/share/teelek/local_setup.bash
-- Up-to-date: /home/kittibot/teelek_rb/teelek_ws/install/teelek/share/teelek/local_setup.sh
-- Up-to-date: /home/kittibot/teelek_rb/teelek_ws/install/teelek/share/teelek/local_setup.zsh
-- Up-to-date: /home/kittibot/teelek_rb/teelek_ws/install/teelek/share/teelek/local_setup.dsv
-- Up-to-date: /home/kittibot/teelek_rb/teelek_ws/install/teelek/share/teelek/package.dsv
-- Up-to-date: /home/kittibot/teelek_rb/teelek_ws/install/teelek/share/ament_index/resource_index/packages/teelek
-- Up-to-date: /home/kittibot/teelek_rb/teelek_ws/install/teelek/share/teelek/cmake/teelekConfig.cmake
-- Up-to-date: /home/kittibot/teelek_rb/teelek_ws/install/teelek/share/teelek/cmake/teelekConfig-version.cmake
-- Up-to-date: /home/kittibot/teelek_rb/teelek_ws/install/teelek/share/teelek/package.xml
