[0.015s] Invoking command in '/home/kittibot/teelek_rb/teelek_ws/build/teelek': CMAKE_PREFIX_PATH=${CMAKE_PREFIX_PATH}:/opt/ros/jazzy /usr/bin/cmake --build /home/kittibot/teelek_rb/teelek_ws/build/teelek -- -j4 -l4
[0.089s] Invoked command in '/home/kittibot/teelek_rb/teelek_ws/build/teelek' returned '0': CMAKE_PREFIX_PATH=${CMAKE_PREFIX_PATH}:/opt/ros/jazzy /usr/bin/cmake --build /home/kittibot/teelek_rb/teelek_ws/build/teelek -- -j4 -l4
[0.108s] Invoking command in '/home/kittibot/teelek_rb/teelek_ws/build/teelek': CMAKE_PREFIX_PATH=${CMAKE_PREFIX_PATH}:/opt/ros/jazzy /usr/bin/cmake --install /home/kittibot/teelek_rb/teelek_ws/build/teelek
[0.122s] -- Install configuration: ""
[0.122s] -- Up-to-date: /home/kittibot/teelek_rb/teelek_ws/install/teelek/share/teelek/launch
[0.122s] -- Installing: /home/kittibot/teelek_rb/teelek_ws/install/teelek/share/teelek/launch/control_launch.py
[0.122s] -- Up-to-date: /home/kittibot/teelek_rb/teelek_ws/install/teelek/share/teelek/launch/teleop_launch.py
[0.122s] -- Up-to-date: /home/kittibot/teelek_rb/teelek_ws/install/teelek/share/teelek/src
[0.123s] -- Up-to-date: /home/kittibot/teelek_rb/teelek_ws/install/teelek/share/teelek/test_file
[0.123s] -- Up-to-date: /home/kittibot/teelek_rb/teelek_ws/install/teelek/share/teelek/test_file/test_control.py
[0.123s] -- Up-to-date: /home/kittibot/teelek_rb/teelek_ws/install/teelek/share/teelek/test_file/test_xbox.py
[0.123s] -- Up-to-date: /home/kittibot/teelek_rb/teelek_ws/install/teelek/share/teelek/test_file/control_rb.py
[0.123s] -- Up-to-date: /home/kittibot/teelek_rb/teelek_ws/install/teelek/share/teelek/test_file/xbox_control.py
[0.123s] -- Up-to-date: /home/kittibot/teelek_rb/teelek_ws/install/teelek/share/teelek/config
[0.123s] -- Up-to-date: /home/kittibot/teelek_rb/teelek_ws/install/teelek/share/teelek/config/joy_params.yaml
[0.123s] -- Up-to-date: /home/kittibot/teelek_rb/teelek_ws/install/teelek/lib/teelek/test_xbox.py
[0.123s] -- Up-to-date: /home/kittibot/teelek_rb/teelek_ws/install/teelek/share/ament_index/resource_index/package_run_dependencies/teelek
[0.124s] -- Up-to-date: /home/kittibot/teelek_rb/teelek_ws/install/teelek/share/ament_index/resource_index/parent_prefix_path/teelek
[0.124s] -- Up-to-date: /home/kittibot/teelek_rb/teelek_ws/install/teelek/share/teelek/environment/ament_prefix_path.sh
[0.124s] -- Up-to-date: /home/kittibot/teelek_rb/teelek_ws/install/teelek/share/teelek/environment/ament_prefix_path.dsv
[0.124s] -- Up-to-date: /home/kittibot/teelek_rb/teelek_ws/install/teelek/share/teelek/environment/path.sh
[0.124s] -- Up-to-date: /home/kittibot/teelek_rb/teelek_ws/install/teelek/share/teelek/environment/path.dsv
[0.124s] -- Up-to-date: /home/kittibot/teelek_rb/teelek_ws/install/teelek/share/teelek/local_setup.bash
[0.124s] -- Up-to-date: /home/kittibot/teelek_rb/teelek_ws/install/teelek/share/teelek/local_setup.sh
[0.124s] -- Up-to-date: /home/kittibot/teelek_rb/teelek_ws/install/teelek/share/teelek/local_setup.zsh
[0.124s] -- Up-to-date: /home/kittibot/teelek_rb/teelek_ws/install/teelek/share/teelek/local_setup.dsv
[0.124s] -- Up-to-date: /home/kittibot/teelek_rb/teelek_ws/install/teelek/share/teelek/package.dsv
[0.124s] -- Up-to-date: /home/kittibot/teelek_rb/teelek_ws/install/teelek/share/ament_index/resource_index/packages/teelek
[0.125s] -- Up-to-date: /home/kittibot/teelek_rb/teelek_ws/install/teelek/share/teelek/cmake/teelekConfig.cmake
[0.125s] -- Up-to-date: /home/kittibot/teelek_rb/teelek_ws/install/teelek/share/teelek/cmake/teelekConfig-version.cmake
[0.125s] -- Up-to-date: /home/kittibot/teelek_rb/teelek_ws/install/teelek/share/teelek/package.xml
[0.127s] Invoked command in '/home/kittibot/teelek_rb/teelek_ws/build/teelek' returned '0': CMAKE_PREFIX_PATH=${CMAKE_PREFIX_PATH}:/opt/ros/jazzy /usr/bin/cmake --install /home/kittibot/teelek_rb/teelek_ws/build/teelek
