[0.151s] DEBUG:colcon:Command line arguments: ['/usr/bin/colcon', 'build']
[0.151s] DEBUG:colcon:Parsed command line arguments: Namespace(log_base=None, log_level=None, verb_name='build', build_base='build', install_base='install', merge_install=False, symlink_install=False, test_result_base=None, continue_on_error=False, executor='parallel', parallel_workers=4, event_handlers=None, ignore_user_meta=False, metas=['./colcon.meta'], base_paths=['.'], packages_ignore=None, packages_ignore_regex=None, paths=None, packages_up_to=None, packages_up_to_regex=None, packages_above=None, packages_above_and_dependencies=None, packages_above_depth=None, packages_select_by_dep=None, packages_skip_by_dep=None, packages_skip_up_to=None, packages_select_build_failed=False, packages_skip_build_finished=False, packages_select_test_failures=False, packages_skip_test_passed=False, packages_select=None, packages_skip=None, packages_select_regex=None, packages_skip_regex=None, packages_start=None, packages_end=None, allow_overriding=[], cmake_args=None, cmake_target=None, cmake_target_skip_unavailable=False, cmake_clean_cache=False, cmake_clean_first=False, cmake_force_configure=False, ament_cmake_args=None, catkin_cmake_args=None, catkin_skip_building_tests=False, mixin_files=None, mixin=None, verb_parser=<colcon_mixin.mixin.mixin_argument.MixinArgumentDecorator object at 0xffff92545160>, verb_extension=<colcon_core.verb.build.BuildVerb object at 0xffff92776d20>, main=<bound method BuildVerb.main of <colcon_core.verb.build.BuildVerb object at 0xffff92776d20>>, mixin_verb=('build',))
[0.207s] Level 1:colcon.colcon_core.package_discovery:discover_packages(colcon_meta) check parameters
[0.207s] Level 1:colcon.colcon_core.package_discovery:discover_packages(recursive) check parameters
[0.207s] Level 1:colcon.colcon_core.package_discovery:discover_packages(ignore) check parameters
[0.207s] Level 1:colcon.colcon_core.package_discovery:discover_packages(path) check parameters
[0.207s] Level 1:colcon.colcon_core.package_discovery:discover_packages(colcon_meta) discover
[0.207s] Level 1:colcon.colcon_core.package_discovery:discover_packages(recursive) discover
[0.207s] INFO:colcon.colcon_core.package_discovery:Crawling recursively for packages in '/home/kittibot/teelek_rb/teelek_ws'
[0.207s] Level 1:colcon.colcon_core.package_identification:_identify(.) by extensions ['ignore', 'ignore_ament_install']
[0.207s] Level 1:colcon.colcon_core.package_identification:_identify(.) by extension 'ignore'
[0.208s] Level 1:colcon.colcon_core.package_identification:_identify(.) by extension 'ignore_ament_install'
[0.208s] Level 1:colcon.colcon_core.package_identification:_identify(.) by extensions ['colcon_pkg']
[0.208s] Level 1:colcon.colcon_core.package_identification:_identify(.) by extension 'colcon_pkg'
[0.208s] Level 1:colcon.colcon_core.package_identification:_identify(.) by extensions ['colcon_meta']
[0.208s] Level 1:colcon.colcon_core.package_identification:_identify(.) by extension 'colcon_meta'
[0.208s] Level 1:colcon.colcon_core.package_identification:_identify(.) by extensions ['ros']
[0.208s] Level 1:colcon.colcon_core.package_identification:_identify(.) by extension 'ros'
[0.245s] Level 1:colcon.colcon_core.package_identification:_identify(.) by extensions ['cmake', 'python']
[0.245s] Level 1:colcon.colcon_core.package_identification:_identify(.) by extension 'cmake'
[0.246s] Level 1:colcon.colcon_core.package_identification:_identify(.) by extension 'python'
[0.246s] Level 1:colcon.colcon_core.package_identification:_identify(.) by extensions ['python_setup_py']
[0.246s] Level 1:colcon.colcon_core.package_identification:_identify(.) by extension 'python_setup_py'
[0.246s] Level 1:colcon.colcon_core.package_identification:_identify(build) by extensions ['ignore', 'ignore_ament_install']
[0.246s] Level 1:colcon.colcon_core.package_identification:_identify(build) by extension 'ignore'
[0.246s] Level 1:colcon.colcon_core.package_identification:_identify(build) ignored
[0.246s] Level 1:colcon.colcon_core.package_identification:_identify(install) by extensions ['ignore', 'ignore_ament_install']
[0.246s] Level 1:colcon.colcon_core.package_identification:_identify(install) by extension 'ignore'
[0.246s] Level 1:colcon.colcon_core.package_identification:_identify(install) ignored
[0.246s] Level 1:colcon.colcon_core.package_identification:_identify(log) by extensions ['ignore', 'ignore_ament_install']
[0.246s] Level 1:colcon.colcon_core.package_identification:_identify(log) by extension 'ignore'
[0.247s] Level 1:colcon.colcon_core.package_identification:_identify(log) ignored
[0.247s] Level 1:colcon.colcon_core.package_identification:_identify(src) by extensions ['ignore', 'ignore_ament_install']
[0.247s] Level 1:colcon.colcon_core.package_identification:_identify(src) by extension 'ignore'
[0.247s] Level 1:colcon.colcon_core.package_identification:_identify(src) by extension 'ignore_ament_install'
[0.247s] Level 1:colcon.colcon_core.package_identification:_identify(src) by extensions ['colcon_pkg']
[0.247s] Level 1:colcon.colcon_core.package_identification:_identify(src) by extension 'colcon_pkg'
[0.247s] Level 1:colcon.colcon_core.package_identification:_identify(src) by extensions ['colcon_meta']
[0.247s] Level 1:colcon.colcon_core.package_identification:_identify(src) by extension 'colcon_meta'
[0.247s] Level 1:colcon.colcon_core.package_identification:_identify(src) by extensions ['ros']
[0.247s] Level 1:colcon.colcon_core.package_identification:_identify(src) by extension 'ros'
[0.247s] Level 1:colcon.colcon_core.package_identification:_identify(src) by extensions ['cmake', 'python']
[0.247s] Level 1:colcon.colcon_core.package_identification:_identify(src) by extension 'cmake'
[0.247s] Level 1:colcon.colcon_core.package_identification:_identify(src) by extension 'python'
[0.247s] Level 1:colcon.colcon_core.package_identification:_identify(src) by extensions ['python_setup_py']
[0.247s] Level 1:colcon.colcon_core.package_identification:_identify(src) by extension 'python_setup_py'
[0.247s] Level 1:colcon.colcon_core.package_identification:_identify(src/teelek) by extensions ['ignore', 'ignore_ament_install']
[0.247s] Level 1:colcon.colcon_core.package_identification:_identify(src/teelek) by extension 'ignore'
[0.248s] Level 1:colcon.colcon_core.package_identification:_identify(src/teelek) by extension 'ignore_ament_install'
[0.248s] Level 1:colcon.colcon_core.package_identification:_identify(src/teelek) by extensions ['colcon_pkg']
[0.248s] Level 1:colcon.colcon_core.package_identification:_identify(src/teelek) by extension 'colcon_pkg'
[0.248s] Level 1:colcon.colcon_core.package_identification:_identify(src/teelek) by extensions ['colcon_meta']
[0.248s] Level 1:colcon.colcon_core.package_identification:_identify(src/teelek) by extension 'colcon_meta'
[0.248s] Level 1:colcon.colcon_core.package_identification:_identify(src/teelek) by extensions ['ros']
[0.248s] Level 1:colcon.colcon_core.package_identification:_identify(src/teelek) by extension 'ros'
[0.252s] DEBUG:colcon.colcon_core.package_identification:Package 'src/teelek' with type 'ros.ament_cmake' and name 'teelek'
[0.252s] Level 1:colcon.colcon_core.package_discovery:discover_packages(recursive) using defaults
[0.252s] Level 1:colcon.colcon_core.package_discovery:discover_packages(ignore) discover
[0.252s] Level 1:colcon.colcon_core.package_discovery:discover_packages(ignore) using defaults
[0.252s] Level 1:colcon.colcon_core.package_discovery:discover_packages(path) discover
[0.252s] Level 1:colcon.colcon_core.package_discovery:discover_packages(path) using defaults
[0.275s] Level 1:colcon.colcon_core.package_discovery:discover_packages(prefix_path) check parameters
[0.275s] Level 1:colcon.colcon_core.package_discovery:discover_packages(prefix_path) discover
[0.277s] DEBUG:colcon.colcon_installed_package_information.package_discovery:Found 1 installed packages in /home/kittibot/teelek_rb/teelek_ws/install
[0.278s] DEBUG:colcon.colcon_installed_package_information.package_discovery:Found 3 installed packages in /home/kittibot/uros_ws/install
[0.280s] DEBUG:colcon.colcon_installed_package_information.package_discovery:Found 285 installed packages in /opt/ros/jazzy
[0.282s] Level 1:colcon.colcon_core.package_discovery:discover_packages(prefix_path) using defaults
[0.342s] Level 5:colcon.colcon_core.verb:set package 'teelek' build argument 'cmake_args' from command line to 'None'
[0.342s] Level 5:colcon.colcon_core.verb:set package 'teelek' build argument 'cmake_target' from command line to 'None'
[0.342s] Level 5:colcon.colcon_core.verb:set package 'teelek' build argument 'cmake_target_skip_unavailable' from command line to 'False'
[0.342s] Level 5:colcon.colcon_core.verb:set package 'teelek' build argument 'cmake_clean_cache' from command line to 'False'
[0.342s] Level 5:colcon.colcon_core.verb:set package 'teelek' build argument 'cmake_clean_first' from command line to 'False'
[0.342s] Level 5:colcon.colcon_core.verb:set package 'teelek' build argument 'cmake_force_configure' from command line to 'False'
[0.342s] Level 5:colcon.colcon_core.verb:set package 'teelek' build argument 'ament_cmake_args' from command line to 'None'
[0.342s] Level 5:colcon.colcon_core.verb:set package 'teelek' build argument 'catkin_cmake_args' from command line to 'None'
[0.342s] Level 5:colcon.colcon_core.verb:set package 'teelek' build argument 'catkin_skip_building_tests' from command line to 'False'
[0.342s] DEBUG:colcon.colcon_core.verb:Building package 'teelek' with the following arguments: {'ament_cmake_args': None, 'build_base': '/home/kittibot/teelek_rb/teelek_ws/build/teelek', 'catkin_cmake_args': None, 'catkin_skip_building_tests': False, 'cmake_args': None, 'cmake_clean_cache': False, 'cmake_clean_first': False, 'cmake_force_configure': False, 'cmake_target': None, 'cmake_target_skip_unavailable': False, 'install_base': '/home/kittibot/teelek_rb/teelek_ws/install/teelek', 'merge_install': False, 'path': '/home/kittibot/teelek_rb/teelek_ws/src/teelek', 'symlink_install': False, 'test_result_base': None}
[0.343s] INFO:colcon.colcon_core.executor:Executing jobs using 'parallel' executor
[0.344s] DEBUG:colcon.colcon_parallel_executor.executor.parallel:run_until_complete
[0.344s] INFO:colcon.colcon_ros.task.ament_cmake.build:Building ROS package in '/home/kittibot/teelek_rb/teelek_ws/src/teelek' with build type 'ament_cmake'
[0.345s] INFO:colcon.colcon_cmake.task.cmake.build:Building CMake package in '/home/kittibot/teelek_rb/teelek_ws/src/teelek'
[0.347s] INFO:colcon.colcon_core.plugin_system:Skipping extension 'colcon_core.shell.bat': Not used on non-Windows systems
[0.347s] INFO:colcon.colcon_core.shell:Skip shell extension 'powershell' for command environment: Not usable outside of PowerShell
[0.347s] DEBUG:colcon.colcon_core.shell:Skip shell extension 'dsv' for command environment
[0.360s] DEBUG:colcon.colcon_core.event_handler.log_command:Invoking command in '/home/kittibot/teelek_rb/teelek_ws/build/teelek': CMAKE_PREFIX_PATH=${CMAKE_PREFIX_PATH}:/opt/ros/jazzy /usr/bin/cmake --build /home/kittibot/teelek_rb/teelek_ws/build/teelek -- -j4 -l4
[0.434s] DEBUG:colcon.colcon_core.event_handler.log_command:Invoked command in '/home/kittibot/teelek_rb/teelek_ws/build/teelek' returned '0': CMAKE_PREFIX_PATH=${CMAKE_PREFIX_PATH}:/opt/ros/jazzy /usr/bin/cmake --build /home/kittibot/teelek_rb/teelek_ws/build/teelek -- -j4 -l4
[0.453s] DEBUG:colcon.colcon_core.event_handler.log_command:Invoking command in '/home/kittibot/teelek_rb/teelek_ws/build/teelek': CMAKE_PREFIX_PATH=${CMAKE_PREFIX_PATH}:/opt/ros/jazzy /usr/bin/cmake --install /home/kittibot/teelek_rb/teelek_ws/build/teelek
[0.471s] Level 1:colcon.colcon_core.environment:create_environment_scripts_only(teelek)
[0.472s] DEBUG:colcon.colcon_core.event_handler.log_command:Invoked command in '/home/kittibot/teelek_rb/teelek_ws/build/teelek' returned '0': CMAKE_PREFIX_PATH=${CMAKE_PREFIX_PATH}:/opt/ros/jazzy /usr/bin/cmake --install /home/kittibot/teelek_rb/teelek_ws/build/teelek
[0.474s] Level 1:colcon.colcon_core.environment:checking '/home/kittibot/teelek_rb/teelek_ws/install/teelek' for CMake module files
[0.475s] Level 1:colcon.colcon_core.environment:checking '/home/kittibot/teelek_rb/teelek_ws/install/teelek' for CMake config files
[0.475s] Level 1:colcon.colcon_core.shell:create_environment_hook('teelek', 'cmake_prefix_path')
[0.475s] INFO:colcon.colcon_core.shell:Creating environment hook '/home/kittibot/teelek_rb/teelek_ws/install/teelek/share/teelek/hook/cmake_prefix_path.ps1'
[0.476s] INFO:colcon.colcon_core.shell:Creating environment descriptor '/home/kittibot/teelek_rb/teelek_ws/install/teelek/share/teelek/hook/cmake_prefix_path.dsv'
[0.477s] INFO:colcon.colcon_core.shell:Creating environment hook '/home/kittibot/teelek_rb/teelek_ws/install/teelek/share/teelek/hook/cmake_prefix_path.sh'
[0.478s] Level 1:colcon.colcon_core.environment:checking '/home/kittibot/teelek_rb/teelek_ws/install/teelek/lib'
[0.478s] Level 1:colcon.colcon_core.environment:checking '/home/kittibot/teelek_rb/teelek_ws/install/teelek/bin'
[0.478s] Level 1:colcon.colcon_core.environment:checking '/home/kittibot/teelek_rb/teelek_ws/install/teelek/lib/pkgconfig/teelek.pc'
[0.479s] Level 1:colcon.colcon_core.environment:checking '/home/kittibot/teelek_rb/teelek_ws/install/teelek/lib/python3.12/site-packages'
[0.479s] Level 1:colcon.colcon_core.environment:checking '/home/kittibot/teelek_rb/teelek_ws/install/teelek/bin'
[0.479s] INFO:colcon.colcon_core.shell:Creating package script '/home/kittibot/teelek_rb/teelek_ws/install/teelek/share/teelek/package.ps1'
[0.480s] INFO:colcon.colcon_core.shell:Creating package descriptor '/home/kittibot/teelek_rb/teelek_ws/install/teelek/share/teelek/package.dsv'
[0.481s] INFO:colcon.colcon_core.shell:Creating package script '/home/kittibot/teelek_rb/teelek_ws/install/teelek/share/teelek/package.sh'
[0.483s] INFO:colcon.colcon_core.shell:Creating package script '/home/kittibot/teelek_rb/teelek_ws/install/teelek/share/teelek/package.bash'
[0.485s] INFO:colcon.colcon_core.shell:Creating package script '/home/kittibot/teelek_rb/teelek_ws/install/teelek/share/teelek/package.zsh'
[0.486s] Level 1:colcon.colcon_core.environment:create_file_with_runtime_dependencies(/home/kittibot/teelek_rb/teelek_ws/install/teelek/share/colcon-core/packages/teelek)
[0.488s] Level 1:colcon.colcon_core.environment:create_environment_scripts_only(teelek)
[0.489s] Level 1:colcon.colcon_core.environment:checking '/home/kittibot/teelek_rb/teelek_ws/install/teelek' for CMake module files
[0.489s] Level 1:colcon.colcon_core.environment:checking '/home/kittibot/teelek_rb/teelek_ws/install/teelek' for CMake config files
[0.490s] Level 1:colcon.colcon_core.shell:create_environment_hook('teelek', 'cmake_prefix_path')
[0.490s] INFO:colcon.colcon_core.shell:Creating environment hook '/home/kittibot/teelek_rb/teelek_ws/install/teelek/share/teelek/hook/cmake_prefix_path.ps1'
[0.491s] INFO:colcon.colcon_core.shell:Creating environment descriptor '/home/kittibot/teelek_rb/teelek_ws/install/teelek/share/teelek/hook/cmake_prefix_path.dsv'
[0.491s] INFO:colcon.colcon_core.shell:Creating environment hook '/home/kittibot/teelek_rb/teelek_ws/install/teelek/share/teelek/hook/cmake_prefix_path.sh'
[0.492s] Level 1:colcon.colcon_core.environment:checking '/home/kittibot/teelek_rb/teelek_ws/install/teelek/lib'
[0.493s] Level 1:colcon.colcon_core.environment:checking '/home/kittibot/teelek_rb/teelek_ws/install/teelek/bin'
[0.493s] Level 1:colcon.colcon_core.environment:checking '/home/kittibot/teelek_rb/teelek_ws/install/teelek/lib/pkgconfig/teelek.pc'
[0.493s] Level 1:colcon.colcon_core.environment:checking '/home/kittibot/teelek_rb/teelek_ws/install/teelek/lib/python3.12/site-packages'
[0.493s] Level 1:colcon.colcon_core.environment:checking '/home/kittibot/teelek_rb/teelek_ws/install/teelek/bin'
[0.494s] INFO:colcon.colcon_core.shell:Creating package script '/home/kittibot/teelek_rb/teelek_ws/install/teelek/share/teelek/package.ps1'
[0.495s] INFO:colcon.colcon_core.shell:Creating package descriptor '/home/kittibot/teelek_rb/teelek_ws/install/teelek/share/teelek/package.dsv'
[0.495s] INFO:colcon.colcon_core.shell:Creating package script '/home/kittibot/teelek_rb/teelek_ws/install/teelek/share/teelek/package.sh'
[0.496s] INFO:colcon.colcon_core.shell:Creating package script '/home/kittibot/teelek_rb/teelek_ws/install/teelek/share/teelek/package.bash'
[0.497s] INFO:colcon.colcon_core.shell:Creating package script '/home/kittibot/teelek_rb/teelek_ws/install/teelek/share/teelek/package.zsh'
[0.498s] Level 1:colcon.colcon_core.environment:create_file_with_runtime_dependencies(/home/kittibot/teelek_rb/teelek_ws/install/teelek/share/colcon-core/packages/teelek)
[0.499s] DEBUG:colcon.colcon_parallel_executor.executor.parallel:closing loop
[0.500s] DEBUG:colcon.colcon_parallel_executor.executor.parallel:loop closed
[0.500s] DEBUG:colcon.colcon_parallel_executor.executor.parallel:run_until_complete finished with '0'
[0.500s] DEBUG:colcon.colcon_core.event_reactor:joining thread
[0.510s] INFO:colcon.colcon_core.plugin_system:Skipping extension 'colcon_notification.desktop_notification.notify_send': Could not find 'notify-send'
[0.510s] INFO:colcon.colcon_core.plugin_system:Skipping extension 'colcon_notification.desktop_notification.terminal_notifier': Not used on non-Darwin systems
[0.510s] INFO:colcon.colcon_core.plugin_system:Skipping extension 'colcon_notification.desktop_notification.win32': Not used on non-Windows systems
[0.510s] INFO:colcon.colcon_notification.desktop_notification:Sending desktop notification using 'notify2'
[0.511s] DEBUG:colcon.colcon_notification.desktop_notification.notify2:Failed to initialize notify2: org.freedesktop.DBus.Error.ServiceUnknown: The name org.freedesktop.Notifications was not provided by any .service files
[0.511s] DEBUG:colcon.colcon_core.event_reactor:joined thread
[0.511s] INFO:colcon.colcon_core.shell:Creating prefix script '/home/kittibot/teelek_rb/teelek_ws/install/local_setup.ps1'
[0.513s] INFO:colcon.colcon_core.shell:Creating prefix util module '/home/kittibot/teelek_rb/teelek_ws/install/_local_setup_util_ps1.py'
[0.514s] INFO:colcon.colcon_core.shell:Creating prefix chain script '/home/kittibot/teelek_rb/teelek_ws/install/setup.ps1'
[0.516s] INFO:colcon.colcon_core.shell:Creating prefix script '/home/kittibot/teelek_rb/teelek_ws/install/local_setup.sh'
[0.517s] INFO:colcon.colcon_core.shell:Creating prefix util module '/home/kittibot/teelek_rb/teelek_ws/install/_local_setup_util_sh.py'
[0.518s] INFO:colcon.colcon_core.shell:Creating prefix chain script '/home/kittibot/teelek_rb/teelek_ws/install/setup.sh'
[0.520s] INFO:colcon.colcon_core.shell:Creating prefix script '/home/kittibot/teelek_rb/teelek_ws/install/local_setup.bash'
[0.521s] INFO:colcon.colcon_core.shell:Creating prefix chain script '/home/kittibot/teelek_rb/teelek_ws/install/setup.bash'
[0.525s] INFO:colcon.colcon_core.shell:Creating prefix script '/home/kittibot/teelek_rb/teelek_ws/install/local_setup.zsh'
[0.526s] INFO:colcon.colcon_core.shell:Creating prefix chain script '/home/kittibot/teelek_rb/teelek_ws/install/setup.zsh'
