[0.080s] DEBUG:colcon:Command line arguments: ['/usr/bin/colcon', 'build']
[0.080s] DEBUG:colcon:Parsed command line arguments: Namespace(log_base=None, log_level=None, verb_name='build', build_base='build', install_base='install', merge_install=False, symlink_install=False, test_result_base=None, continue_on_error=False, executor='parallel', parallel_workers=16, event_handlers=None, ignore_user_meta=False, metas=['./colcon.meta'], base_paths=['.'], packages_ignore=None, packages_ignore_regex=None, paths=None, packages_up_to=None, packages_up_to_regex=None, packages_above=None, packages_above_and_dependencies=None, packages_above_depth=None, packages_select_by_dep=None, packages_skip_by_dep=None, packages_skip_up_to=None, packages_select_build_failed=False, packages_skip_build_finished=False, packages_select_test_failures=False, packages_skip_test_passed=False, packages_select=None, packages_skip=None, packages_select_regex=None, packages_skip_regex=None, packages_start=None, packages_end=None, allow_overriding=[], cmake_args=None, cmake_target=None, cmake_target_skip_unavailable=False, cmake_clean_cache=False, cmake_clean_first=False, cmake_force_configure=False, ament_cmake_args=None, catkin_cmake_args=None, catkin_skip_building_tests=False, verb_parser=<colcon_defaults.argument_parser.defaults.DefaultArgumentsDecorator object at 0x7e6f19681670>, verb_extension=<colcon_core.verb.build.BuildVerb object at 0x7e6f19799cd0>, main=<bound method BuildVerb.main of <colcon_core.verb.build.BuildVerb object at 0x7e6f19799cd0>>)
[0.109s] Level 1:colcon.colcon_core.package_discovery:discover_packages(colcon_meta) check parameters
[0.109s] Level 1:colcon.colcon_core.package_discovery:discover_packages(recursive) check parameters
[0.109s] Level 1:colcon.colcon_core.package_discovery:discover_packages(ignore) check parameters
[0.109s] Level 1:colcon.colcon_core.package_discovery:discover_packages(path) check parameters
[0.109s] Level 1:colcon.colcon_core.package_discovery:discover_packages(colcon_meta) discover
[0.110s] Level 1:colcon.colcon_core.package_discovery:discover_packages(recursive) discover
[0.110s] INFO:colcon.colcon_core.package_discovery:Crawling recursively for packages in '/home/kittifirst/teelek_rb'
[0.110s] Level 1:colcon.colcon_core.package_identification:_identify(.) by extensions ['ignore', 'ignore_ament_install']
[0.110s] Level 1:colcon.colcon_core.package_identification:_identify(.) by extension 'ignore'
[0.110s] Level 1:colcon.colcon_core.package_identification:_identify(.) by extension 'ignore_ament_install'
[0.110s] Level 1:colcon.colcon_core.package_identification:_identify(.) by extensions ['colcon_pkg']
[0.110s] Level 1:colcon.colcon_core.package_identification:_identify(.) by extension 'colcon_pkg'
[0.110s] Level 1:colcon.colcon_core.package_identification:_identify(.) by extensions ['colcon_meta']
[0.110s] Level 1:colcon.colcon_core.package_identification:_identify(.) by extension 'colcon_meta'
[0.110s] Level 1:colcon.colcon_core.package_identification:_identify(.) by extensions ['ros']
[0.110s] Level 1:colcon.colcon_core.package_identification:_identify(.) by extension 'ros'
[0.128s] Level 1:colcon.colcon_core.package_identification:_identify(.) by extensions ['cmake', 'python']
[0.128s] Level 1:colcon.colcon_core.package_identification:_identify(.) by extension 'cmake'
[0.128s] Level 1:colcon.colcon_core.package_identification:_identify(.) by extension 'python'
[0.128s] Level 1:colcon.colcon_core.package_identification:_identify(.) by extensions ['python_setup_py']
[0.128s] Level 1:colcon.colcon_core.package_identification:_identify(.) by extension 'python_setup_py'
[0.128s] Level 1:colcon.colcon_core.package_identification:_identify(build) by extensions ['ignore', 'ignore_ament_install']
[0.128s] Level 1:colcon.colcon_core.package_identification:_identify(build) by extension 'ignore'
[0.128s] Level 1:colcon.colcon_core.package_identification:_identify(build) ignored
[0.128s] Level 1:colcon.colcon_core.package_identification:_identify(install) by extensions ['ignore', 'ignore_ament_install']
[0.128s] Level 1:colcon.colcon_core.package_identification:_identify(install) by extension 'ignore'
[0.128s] Level 1:colcon.colcon_core.package_identification:_identify(install) ignored
[0.128s] Level 1:colcon.colcon_core.package_identification:_identify(log) by extensions ['ignore', 'ignore_ament_install']
[0.128s] Level 1:colcon.colcon_core.package_identification:_identify(log) by extension 'ignore'
[0.128s] Level 1:colcon.colcon_core.package_identification:_identify(log) ignored
[0.128s] Level 1:colcon.colcon_core.package_identification:_identify(teelek_ws) by extensions ['ignore', 'ignore_ament_install']
[0.128s] Level 1:colcon.colcon_core.package_identification:_identify(teelek_ws) by extension 'ignore'
[0.128s] Level 1:colcon.colcon_core.package_identification:_identify(teelek_ws) by extension 'ignore_ament_install'
[0.128s] Level 1:colcon.colcon_core.package_identification:_identify(teelek_ws) by extensions ['colcon_pkg']
[0.129s] Level 1:colcon.colcon_core.package_identification:_identify(teelek_ws) by extension 'colcon_pkg'
[0.129s] Level 1:colcon.colcon_core.package_identification:_identify(teelek_ws) by extensions ['colcon_meta']
[0.129s] Level 1:colcon.colcon_core.package_identification:_identify(teelek_ws) by extension 'colcon_meta'
[0.129s] Level 1:colcon.colcon_core.package_identification:_identify(teelek_ws) by extensions ['ros']
[0.129s] Level 1:colcon.colcon_core.package_identification:_identify(teelek_ws) by extension 'ros'
[0.129s] Level 1:colcon.colcon_core.package_identification:_identify(teelek_ws) by extensions ['cmake', 'python']
[0.129s] Level 1:colcon.colcon_core.package_identification:_identify(teelek_ws) by extension 'cmake'
[0.129s] Level 1:colcon.colcon_core.package_identification:_identify(teelek_ws) by extension 'python'
[0.129s] Level 1:colcon.colcon_core.package_identification:_identify(teelek_ws) by extensions ['python_setup_py']
[0.129s] Level 1:colcon.colcon_core.package_identification:_identify(teelek_ws) by extension 'python_setup_py'
[0.129s] Level 1:colcon.colcon_core.package_identification:_identify(teelek_ws/build) by extensions ['ignore', 'ignore_ament_install']
[0.129s] Level 1:colcon.colcon_core.package_identification:_identify(teelek_ws/build) by extension 'ignore'
[0.129s] Level 1:colcon.colcon_core.package_identification:_identify(teelek_ws/build) ignored
[0.129s] Level 1:colcon.colcon_core.package_identification:_identify(teelek_ws/install) by extensions ['ignore', 'ignore_ament_install']
[0.129s] Level 1:colcon.colcon_core.package_identification:_identify(teelek_ws/install) by extension 'ignore'
[0.129s] Level 1:colcon.colcon_core.package_identification:_identify(teelek_ws/install) ignored
[0.129s] Level 1:colcon.colcon_core.package_identification:_identify(teelek_ws/log) by extensions ['ignore', 'ignore_ament_install']
[0.129s] Level 1:colcon.colcon_core.package_identification:_identify(teelek_ws/log) by extension 'ignore'
[0.129s] Level 1:colcon.colcon_core.package_identification:_identify(teelek_ws/log) ignored
[0.129s] Level 1:colcon.colcon_core.package_identification:_identify(teelek_ws/src) by extensions ['ignore', 'ignore_ament_install']
[0.129s] Level 1:colcon.colcon_core.package_identification:_identify(teelek_ws/src) by extension 'ignore'
[0.129s] Level 1:colcon.colcon_core.package_identification:_identify(teelek_ws/src) by extension 'ignore_ament_install'
[0.129s] Level 1:colcon.colcon_core.package_identification:_identify(teelek_ws/src) by extensions ['colcon_pkg']
[0.129s] Level 1:colcon.colcon_core.package_identification:_identify(teelek_ws/src) by extension 'colcon_pkg'
[0.130s] Level 1:colcon.colcon_core.package_identification:_identify(teelek_ws/src) by extensions ['colcon_meta']
[0.130s] Level 1:colcon.colcon_core.package_identification:_identify(teelek_ws/src) by extension 'colcon_meta'
[0.130s] Level 1:colcon.colcon_core.package_identification:_identify(teelek_ws/src) by extensions ['ros']
[0.130s] Level 1:colcon.colcon_core.package_identification:_identify(teelek_ws/src) by extension 'ros'
[0.130s] Level 1:colcon.colcon_core.package_identification:_identify(teelek_ws/src) by extensions ['cmake', 'python']
[0.130s] Level 1:colcon.colcon_core.package_identification:_identify(teelek_ws/src) by extension 'cmake'
[0.130s] Level 1:colcon.colcon_core.package_identification:_identify(teelek_ws/src) by extension 'python'
[0.130s] Level 1:colcon.colcon_core.package_identification:_identify(teelek_ws/src) by extensions ['python_setup_py']
[0.130s] Level 1:colcon.colcon_core.package_identification:_identify(teelek_ws/src) by extension 'python_setup_py'
[0.130s] Level 1:colcon.colcon_core.package_identification:_identify(teelek_ws/src/teelek) by extensions ['ignore', 'ignore_ament_install']
[0.130s] Level 1:colcon.colcon_core.package_identification:_identify(teelek_ws/src/teelek) by extension 'ignore'
[0.130s] Level 1:colcon.colcon_core.package_identification:_identify(teelek_ws/src/teelek) by extension 'ignore_ament_install'
[0.130s] Level 1:colcon.colcon_core.package_identification:_identify(teelek_ws/src/teelek) by extensions ['colcon_pkg']
[0.130s] Level 1:colcon.colcon_core.package_identification:_identify(teelek_ws/src/teelek) by extension 'colcon_pkg'
[0.130s] Level 1:colcon.colcon_core.package_identification:_identify(teelek_ws/src/teelek) by extensions ['colcon_meta']
[0.130s] Level 1:colcon.colcon_core.package_identification:_identify(teelek_ws/src/teelek) by extension 'colcon_meta'
[0.130s] Level 1:colcon.colcon_core.package_identification:_identify(teelek_ws/src/teelek) by extensions ['ros']
[0.130s] Level 1:colcon.colcon_core.package_identification:_identify(teelek_ws/src/teelek) by extension 'ros'
[0.133s] DEBUG:colcon.colcon_core.package_identification:Package 'teelek_ws/src/teelek' with type 'ros.ament_cmake' and name 'teelek'
[0.133s] Level 1:colcon.colcon_core.package_discovery:discover_packages(recursive) using defaults
[0.133s] Level 1:colcon.colcon_core.package_discovery:discover_packages(ignore) discover
[0.133s] Level 1:colcon.colcon_core.package_discovery:discover_packages(ignore) using defaults
[0.133s] Level 1:colcon.colcon_core.package_discovery:discover_packages(path) discover
[0.133s] Level 1:colcon.colcon_core.package_discovery:discover_packages(path) using defaults
[0.145s] Level 1:colcon.colcon_core.package_discovery:discover_packages(prefix_path) check parameters
[0.145s] Level 1:colcon.colcon_core.package_discovery:discover_packages(prefix_path) discover
[0.146s] DEBUG:colcon.colcon_installed_package_information.package_discovery:Found 1 installed packages in /home/kittifirst/teelek_rb/teelek_ws/install
[0.147s] DEBUG:colcon.colcon_installed_package_information.package_discovery:Found 3 installed packages in /home/kittifirst/uros_ws/install
[0.148s] DEBUG:colcon.colcon_installed_package_information.package_discovery:Found 285 installed packages in /opt/ros/jazzy
[0.149s] Level 1:colcon.colcon_core.package_discovery:discover_packages(prefix_path) using defaults
[0.180s] Level 5:colcon.colcon_core.verb:set package 'teelek' build argument 'cmake_args' from command line to 'None'
[0.180s] Level 5:colcon.colcon_core.verb:set package 'teelek' build argument 'cmake_target' from command line to 'None'
[0.180s] Level 5:colcon.colcon_core.verb:set package 'teelek' build argument 'cmake_target_skip_unavailable' from command line to 'False'
[0.180s] Level 5:colcon.colcon_core.verb:set package 'teelek' build argument 'cmake_clean_cache' from command line to 'False'
[0.180s] Level 5:colcon.colcon_core.verb:set package 'teelek' build argument 'cmake_clean_first' from command line to 'False'
[0.180s] Level 5:colcon.colcon_core.verb:set package 'teelek' build argument 'cmake_force_configure' from command line to 'False'
[0.180s] Level 5:colcon.colcon_core.verb:set package 'teelek' build argument 'ament_cmake_args' from command line to 'None'
[0.180s] Level 5:colcon.colcon_core.verb:set package 'teelek' build argument 'catkin_cmake_args' from command line to 'None'
[0.180s] Level 5:colcon.colcon_core.verb:set package 'teelek' build argument 'catkin_skip_building_tests' from command line to 'False'
[0.180s] DEBUG:colcon.colcon_core.verb:Building package 'teelek' with the following arguments: {'ament_cmake_args': None, 'build_base': '/home/kittifirst/teelek_rb/build/teelek', 'catkin_cmake_args': None, 'catkin_skip_building_tests': False, 'cmake_args': None, 'cmake_clean_cache': False, 'cmake_clean_first': False, 'cmake_force_configure': False, 'cmake_target': None, 'cmake_target_skip_unavailable': False, 'install_base': '/home/kittifirst/teelek_rb/install/teelek', 'merge_install': False, 'path': '/home/kittifirst/teelek_rb/teelek_ws/src/teelek', 'symlink_install': False, 'test_result_base': None}
[0.180s] INFO:colcon.colcon_core.executor:Executing jobs using 'parallel' executor
[0.181s] DEBUG:colcon.colcon_parallel_executor.executor.parallel:run_until_complete
[0.181s] INFO:colcon.colcon_ros.task.ament_cmake.build:Building ROS package in '/home/kittifirst/teelek_rb/teelek_ws/src/teelek' with build type 'ament_cmake'
[0.181s] INFO:colcon.colcon_cmake.task.cmake.build:Building CMake package in '/home/kittifirst/teelek_rb/teelek_ws/src/teelek'
[0.183s] INFO:colcon.colcon_core.plugin_system:Skipping extension 'colcon_core.shell.bat': Not used on non-Windows systems
[0.183s] INFO:colcon.colcon_core.shell:Skip shell extension 'powershell' for command environment: Not usable outside of PowerShell
[0.183s] DEBUG:colcon.colcon_core.shell:Skip shell extension 'dsv' for command environment
[0.191s] DEBUG:colcon.colcon_core.event_handler.log_command:Invoking command in '/home/kittifirst/teelek_rb/build/teelek': CMAKE_PREFIX_PATH=${CMAKE_PREFIX_PATH}:/opt/ros/jazzy DEBUGINFOD_URLS=https://debuginfod.ubuntu.com /usr/bin/cmake --build /home/kittifirst/teelek_rb/build/teelek -- -j16 -l16
[0.236s] DEBUG:colcon.colcon_core.event_handler.log_command:Invoked command in '/home/kittifirst/teelek_rb/build/teelek' returned '0': CMAKE_PREFIX_PATH=${CMAKE_PREFIX_PATH}:/opt/ros/jazzy DEBUGINFOD_URLS=https://debuginfod.ubuntu.com /usr/bin/cmake --build /home/kittifirst/teelek_rb/build/teelek -- -j16 -l16
[0.248s] DEBUG:colcon.colcon_core.event_handler.log_command:Invoking command in '/home/kittifirst/teelek_rb/build/teelek': CMAKE_PREFIX_PATH=${CMAKE_PREFIX_PATH}:/opt/ros/jazzy DEBUGINFOD_URLS=https://debuginfod.ubuntu.com /usr/bin/cmake --install /home/kittifirst/teelek_rb/build/teelek
[0.258s] Level 1:colcon.colcon_core.environment:create_environment_scripts_only(teelek)
[0.259s] DEBUG:colcon.colcon_core.event_handler.log_command:Invoked command in '/home/kittifirst/teelek_rb/build/teelek' returned '0': CMAKE_PREFIX_PATH=${CMAKE_PREFIX_PATH}:/opt/ros/jazzy DEBUGINFOD_URLS=https://debuginfod.ubuntu.com /usr/bin/cmake --install /home/kittifirst/teelek_rb/build/teelek
[0.260s] Level 1:colcon.colcon_core.environment:checking '/home/kittifirst/teelek_rb/install/teelek' for CMake module files
[0.261s] Level 1:colcon.colcon_core.environment:checking '/home/kittifirst/teelek_rb/install/teelek' for CMake config files
[0.261s] Level 1:colcon.colcon_core.shell:create_environment_hook('teelek', 'cmake_prefix_path')
[0.261s] INFO:colcon.colcon_core.shell:Creating environment hook '/home/kittifirst/teelek_rb/install/teelek/share/teelek/hook/cmake_prefix_path.ps1'
[0.262s] INFO:colcon.colcon_core.shell:Creating environment descriptor '/home/kittifirst/teelek_rb/install/teelek/share/teelek/hook/cmake_prefix_path.dsv'
[0.262s] INFO:colcon.colcon_core.shell:Creating environment hook '/home/kittifirst/teelek_rb/install/teelek/share/teelek/hook/cmake_prefix_path.sh'
[0.263s] Level 1:colcon.colcon_core.environment:checking '/home/kittifirst/teelek_rb/install/teelek/lib'
[0.263s] Level 1:colcon.colcon_core.environment:checking '/home/kittifirst/teelek_rb/install/teelek/bin'
[0.263s] Level 1:colcon.colcon_core.environment:checking '/home/kittifirst/teelek_rb/install/teelek/lib/pkgconfig/teelek.pc'
[0.263s] Level 1:colcon.colcon_core.environment:checking '/home/kittifirst/teelek_rb/install/teelek/lib/python3.12/site-packages'
[0.263s] Level 1:colcon.colcon_core.environment:checking '/home/kittifirst/teelek_rb/install/teelek/bin'
[0.263s] INFO:colcon.colcon_core.shell:Creating package script '/home/kittifirst/teelek_rb/install/teelek/share/teelek/package.ps1'
[0.264s] INFO:colcon.colcon_core.shell:Creating package descriptor '/home/kittifirst/teelek_rb/install/teelek/share/teelek/package.dsv'
[0.264s] INFO:colcon.colcon_core.shell:Creating package script '/home/kittifirst/teelek_rb/install/teelek/share/teelek/package.sh'
[0.264s] INFO:colcon.colcon_core.shell:Creating package script '/home/kittifirst/teelek_rb/install/teelek/share/teelek/package.bash'
[0.265s] INFO:colcon.colcon_core.shell:Creating package script '/home/kittifirst/teelek_rb/install/teelek/share/teelek/package.zsh'
[0.265s] Level 1:colcon.colcon_core.environment:create_file_with_runtime_dependencies(/home/kittifirst/teelek_rb/install/teelek/share/colcon-core/packages/teelek)
[0.266s] Level 1:colcon.colcon_core.environment:create_environment_scripts_only(teelek)
[0.266s] Level 1:colcon.colcon_core.environment:checking '/home/kittifirst/teelek_rb/install/teelek' for CMake module files
[0.266s] Level 1:colcon.colcon_core.environment:checking '/home/kittifirst/teelek_rb/install/teelek' for CMake config files
[0.266s] Level 1:colcon.colcon_core.shell:create_environment_hook('teelek', 'cmake_prefix_path')
[0.266s] INFO:colcon.colcon_core.shell:Creating environment hook '/home/kittifirst/teelek_rb/install/teelek/share/teelek/hook/cmake_prefix_path.ps1'
[0.267s] INFO:colcon.colcon_core.shell:Creating environment descriptor '/home/kittifirst/teelek_rb/install/teelek/share/teelek/hook/cmake_prefix_path.dsv'
[0.267s] INFO:colcon.colcon_core.shell:Creating environment hook '/home/kittifirst/teelek_rb/install/teelek/share/teelek/hook/cmake_prefix_path.sh'
[0.267s] Level 1:colcon.colcon_core.environment:checking '/home/kittifirst/teelek_rb/install/teelek/lib'
[0.267s] Level 1:colcon.colcon_core.environment:checking '/home/kittifirst/teelek_rb/install/teelek/bin'
[0.267s] Level 1:colcon.colcon_core.environment:checking '/home/kittifirst/teelek_rb/install/teelek/lib/pkgconfig/teelek.pc'
[0.268s] Level 1:colcon.colcon_core.environment:checking '/home/kittifirst/teelek_rb/install/teelek/lib/python3.12/site-packages'
[0.268s] Level 1:colcon.colcon_core.environment:checking '/home/kittifirst/teelek_rb/install/teelek/bin'
[0.268s] INFO:colcon.colcon_core.shell:Creating package script '/home/kittifirst/teelek_rb/install/teelek/share/teelek/package.ps1'
[0.268s] INFO:colcon.colcon_core.shell:Creating package descriptor '/home/kittifirst/teelek_rb/install/teelek/share/teelek/package.dsv'
[0.268s] INFO:colcon.colcon_core.shell:Creating package script '/home/kittifirst/teelek_rb/install/teelek/share/teelek/package.sh'
[0.269s] INFO:colcon.colcon_core.shell:Creating package script '/home/kittifirst/teelek_rb/install/teelek/share/teelek/package.bash'
[0.269s] INFO:colcon.colcon_core.shell:Creating package script '/home/kittifirst/teelek_rb/install/teelek/share/teelek/package.zsh'
[0.269s] Level 1:colcon.colcon_core.environment:create_file_with_runtime_dependencies(/home/kittifirst/teelek_rb/install/teelek/share/colcon-core/packages/teelek)
[0.269s] DEBUG:colcon.colcon_parallel_executor.executor.parallel:closing loop
[0.270s] DEBUG:colcon.colcon_parallel_executor.executor.parallel:loop closed
[0.270s] DEBUG:colcon.colcon_parallel_executor.executor.parallel:run_until_complete finished with '0'
[0.270s] DEBUG:colcon.colcon_core.event_reactor:joining thread
[0.274s] INFO:colcon.colcon_core.plugin_system:Skipping extension 'colcon_notification.desktop_notification.terminal_notifier': Not used on non-Darwin systems
[0.274s] INFO:colcon.colcon_core.plugin_system:Skipping extension 'colcon_notification.desktop_notification.win32': Not used on non-Windows systems
[0.274s] INFO:colcon.colcon_notification.desktop_notification:Sending desktop notification using 'notify2'
[0.287s] DEBUG:colcon.colcon_core.event_reactor:joined thread
[0.287s] INFO:colcon.colcon_core.shell:Creating prefix script '/home/kittifirst/teelek_rb/install/local_setup.ps1'
[0.288s] INFO:colcon.colcon_core.shell:Creating prefix util module '/home/kittifirst/teelek_rb/install/_local_setup_util_ps1.py'
[0.289s] INFO:colcon.colcon_core.shell:Creating prefix chain script '/home/kittifirst/teelek_rb/install/setup.ps1'
[0.290s] INFO:colcon.colcon_core.shell:Creating prefix script '/home/kittifirst/teelek_rb/install/local_setup.sh'
[0.291s] INFO:colcon.colcon_core.shell:Creating prefix util module '/home/kittifirst/teelek_rb/install/_local_setup_util_sh.py'
[0.291s] INFO:colcon.colcon_core.shell:Creating prefix chain script '/home/kittifirst/teelek_rb/install/setup.sh'
[0.292s] INFO:colcon.colcon_core.shell:Creating prefix script '/home/kittifirst/teelek_rb/install/local_setup.bash'
[0.292s] INFO:colcon.colcon_core.shell:Creating prefix chain script '/home/kittifirst/teelek_rb/install/setup.bash'
[0.293s] INFO:colcon.colcon_core.shell:Creating prefix script '/home/kittifirst/teelek_rb/install/local_setup.zsh'
[0.293s] INFO:colcon.colcon_core.shell:Creating prefix chain script '/home/kittifirst/teelek_rb/install/setup.zsh'
